Microsoft (R) Macro Assembler Version 5.10                  3/10/16 10:33:33
                                                             Page     1-1


				;             лндскэ 1
				
				PUBLIC X
				
 0000				SD1  SEGMENT PARA PUBLIC 'DATA'
 0000  58			X    DB   'X'
 0001				SD1  ENDS
				
				     EXTRN P2:FAR
				
 0000				SC1  SEGMENT PARA PUBLIC 'CODE'
				     ASSUME CS:SC1,DS:SD1,SS:SSEG
 0000				P1   PROC FAR
 0000  B8 ---- R		     MOV AX,SD1
 0003  EA 0000 ---- E		     JMP P2
 0008				P1   ENDP
 0008				SC1  ENDS
				
 0000				SSEG SEGMENT PARA STACK 'STACK'
 0000  0040[			     DB 64 DUP('STACK+++')
	   53 54 41 43 4B	
	   2B 2B 2B		
			 ]	
				
 0200				SSEG ENDS
				
				     END P1
Microsoft (R) Macro Assembler Version 5.10                  3/10/16 10:33:33
                                                             Symbols-1


Segments and Groups:

                N a m e         	Length	 Align	Combine Class

SC1  . . . . . . . . . . . . . .  	0008	PARA	PUBLIC	'CODE'
SD1  . . . . . . . . . . . . . .  	0001	PARA	PUBLIC	'DATA'
SSEG . . . . . . . . . . . . . .  	0200	PARA	STACK	'STACK'

Symbols:            

                N a m e         	Type	 Value	 Attr

P1 . . . . . . . . . . . . . . .  	F PROC	0000	SC1	Length = 0008
P2 . . . . . . . . . . . . . . .  	L FAR 	0000		External

X  . . . . . . . . . . . . . . .  	L BYTE	0000	SD1	Global

@CPU . . . . . . . . . . . . . .  	TEXT  0101h		
@FILENAME  . . . . . . . . . . .  	TEXT  a		
@VERSION . . . . . . . . . . . .  	TEXT  510		


     23 Source  Lines
     23 Total   Lines
     18 Symbols

  46702 + 446334 Bytes symbol space free

      0 Warning Errors
      0 Severe  Errors
