C:\USERS\USER\DOCUMENTS\Э2-22\CONSOLEAPPLICATION5\CONSOLEAPPLICATION5\DEBUG\CONSOLEAPPLICATION5.PCH
C:\USERS\USER\DOCUMENTS\Э2-22\CONSOLEAPPLICATION5\CONSOLEAPPLICATION5\DEBUG\STDAFX.OBJ
C:\USERS\USER\DOCUMENTS\Э2-22\CONSOLEAPPLICATION5\CONSOLEAPPLICATION5\DEBUG\VC110.PDB
C:\USERS\USER\DOCUMENTS\Э2-22\CONSOLEAPPLICATION5\CONSOLEAPPLICATION5\DEBUG\CONSOLEAPPLICATION5.OBJ
D:\TEMP\KUZNETSOV\LR STR 2\CONSOLEAPPLICATION5\CONSOLEAPPLICATION5\DEBUG\CONSOLEAPPLICATION5.PCH
D:\TEMP\KUZNETSOV\LR STR 2\CONSOLEAPPLICATION5\CONSOLEAPPLICATION5\DEBUG\STDAFX.OBJ
D:\TEMP\KUZNETSOV\LR STR 2\CONSOLEAPPLICATION5\CONSOLEAPPLICATION5\DEBUG\VC110.PDB
D:\TEMP\KUZNETSOV\LR STR 2\CONSOLEAPPLICATION5\CONSOLEAPPLICATION5\DEBUG\CONSOLEAPPLICATION5.OBJ
C:\Users\User\Documents\Э2-22\ConsoleApplication5\ConsoleApplication5\Debug\PPSTART.obj
D:\TEMP\Kuznetsov\LR STR 2\ConsoleApplication5\ConsoleApplication5\Debug\A-B.obj
D:\TEMP\Kuznetsov\LR STR 2\ConsoleApplication5\ConsoleApplication5\Debug\COUNT.obj
D:\TEMP\Kuznetsov\LR STR 2\ConsoleApplication5\ConsoleApplication5\Debug\PPSTART.obj
D:\TEMP\Kuznetsov\LR STR 2\ConsoleApplication5\ConsoleApplication5\Debug\SETCLER.obj
D:\TEMP\Kuznetsov\LR MACRO\ConsoleApplication5\ConsoleApplication5\Debug\PPSTART.obj
C:\USERS\USER\DOCUMENTS\Э2-22\CONSOLEAPPLICATION5\DEBUG\CONSOLEAPPLICATION5.ILK
C:\USERS\USER\DOCUMENTS\Э2-22\CONSOLEAPPLICATION5\DEBUG\CONSOLEAPPLICATION5.EXE
C:\USERS\USER\DOCUMENTS\Э2-22\CONSOLEAPPLICATION5\DEBUG\CONSOLEAPPLICATION5.PDB
D:\TEMP\KUZNETSOV\LR STR 2\CONSOLEAPPLICATION5\DEBUG\CONSOLEAPPLICATION5.ILK
D:\TEMP\KUZNETSOV\LR STR 2\CONSOLEAPPLICATION5\DEBUG\CONSOLEAPPLICATION5.EXE
D:\TEMP\KUZNETSOV\LR STR 2\CONSOLEAPPLICATION5\DEBUG\CONSOLEAPPLICATION5.PDB
D:\TEMP\Kuznetsov\LR MACRO\ConsoleApplication5\ConsoleApplication5\Debug\A-B.obj
D:\TEMP\Kuznetsov\LR MACRO\ConsoleApplication5\ConsoleApplication5\Debug\ConsoleApplication5.obj
D:\TEMP\Kuznetsov\LR MACRO\ConsoleApplication5\ConsoleApplication5\Debug\COUNT.obj
D:\TEMP\Kuznetsov\LR MACRO\ConsoleApplication5\ConsoleApplication5\Debug\SETCLER.obj
D:\TEMP\Kuznetsov\LR MACRO\ConsoleApplication5\ConsoleApplication5\Debug\stdafx.obj
D:\TEMP\Kuznetsov\LR MACRO\ConsoleApplication5\ConsoleApplication5\Debug\cl.command.1.tlog
D:\TEMP\Kuznetsov\LR MACRO\ConsoleApplication5\ConsoleApplication5\Debug\CL.read.1.tlog
D:\TEMP\Kuznetsov\LR MACRO\ConsoleApplication5\ConsoleApplication5\Debug\CL.write.1.tlog
D:\TEMP\Kuznetsov\LR MACRO\ConsoleApplication5\ConsoleApplication5\Debug\ConsoleApplication5.write.1.tlog
D:\TEMP\Kuznetsov\LR MACRO\ConsoleApplication5\ConsoleApplication5\Debug\link-cvtres.read.1.tlog
D:\TEMP\Kuznetsov\LR MACRO\ConsoleApplication5\ConsoleApplication5\Debug\link-cvtres.write.1.tlog
D:\TEMP\Kuznetsov\LR MACRO\ConsoleApplication5\ConsoleApplication5\Debug\link-rc.read.1.tlog
D:\TEMP\Kuznetsov\LR MACRO\ConsoleApplication5\ConsoleApplication5\Debug\link-rc.write.1.tlog
D:\TEMP\Kuznetsov\LR MACRO\ConsoleApplication5\ConsoleApplication5\Debug\link.command.1.tlog
D:\TEMP\Kuznetsov\LR MACRO\ConsoleApplication5\ConsoleApplication5\Debug\link.read.1.tlog
D:\TEMP\Kuznetsov\LR MACRO\ConsoleApplication5\ConsoleApplication5\Debug\link.write.1.tlog
D:\TEMP\Kuznetsov\LR MACRO\ConsoleApplication5\ConsoleApplication5\Debug\ConsoleApplication5.pch
D:\TEMP\Kuznetsov\LR MACRO\ConsoleApplication5\ConsoleApplication5\Debug\vc110.idb
D:\TEMP\Kuznetsov\LR MACRO\ConsoleApplication5\ConsoleApplication5\Debug\vc110.pdb
D:\TEMP\Kuznetsov\LR MACRO\ConsoleApplication5\Debug\ConsoleApplication5.pdb
D:\TEMP\Kuznetsov\LR MACRO\ConsoleApplication5\Debug\ConsoleApplication5.exe
D:\TEMP\Kuznetsov\LR MACRO\ConsoleApplication5\Debug\ConsoleApplication5.ilk
