Microsoft (R) Macro Assembler Version 5.10                  2/18/16 11:34:29
МЗЯ МОДУЛЬ 1 КОНТРОЛЬНАЯ РАБОТА 1                           Page     1-1


				TITLE           МЗЯ МОДУЛЬ 1 КОНТРОЛЬНАЯ РАБОТА
				 1
				
 0000				     SSTACK     SEGMENT PARA STACK  'STACK'
 0000  0040[			                DB   64 DUP('СТЕК____')
	   D1 D2 C5 CA 5F	
	   5F 5F 5F		
			 ]	
				
 0200				     SSTACK     ENDS
				
 0000				     DSEG          SEGMENT  PARA PUBLIC 'DATA'
 0000  41			     CA        DB      'A'
 0001  36 35			     KA        DB      '65'
 0003  F1 E8 EC E2 EE EB	     TXT       DB      'символ "'
       20 22			
 000B  00			     C$        DB      ?
 000C  22 20 E8 EC E5 E5	               DB      '" имеет код '
       F2 20 EA EE E4 20	
 0018  00			    KCH1       DB      ?
 0019  00			    KCH2       DB      ?
 001A  0A 0D 24			               DB      10,13,'$'
 001D  CD C0 D7 C0 CB CE	    MSG0       DB      'НАЧАЛО РАБОТЫ',13,10,'$
				'
       20 D0 C0 C1 CE D2	
       DB 0D 0A 24		
 002D  CA CE CD C5 D6 20	    MSG1       DB      'КОНЕЦ  РАБОТЫ',13,10,'$
				'
       20 D0 C0 C1 CE D2	
       DB 0D 0A 24		
 003D				     DSEG          ENDS
				
				SUBTTL         ОСНОВНАЯ ПРОГРАММА
Microsoft (R) Macro Assembler Version 5.10                  2/18/16 11:34:29
МЗЯ МОДУЛЬ 1 КОНТРОЛЬНАЯ РАБОТА 1                           Page     1-2
ОСНОВНАЯ ПРОГРАММА                                          

				PAGE
 0000				     CSEG      SEGMENT PARA PUBLIC 'CODE'
				               ASSUME CS:CSEG,DS:DSEG,SS:SSTACK
				
 0000				     BEGIN     PROC FAR
				     ; занести в стек такие начальные значения,
				 чтобы программа
				     ; могла возвратить управление MS DOS (отла
				дчику) по RET.
 0000  1E			               PUSH  DS ; поместить в стек номе
				р параграфа адреса возврата
 0001  B8 0000			               MOV  AX,0
 0004  50			               PUSH  AX
				
				     ; загрузить адрес сегмента данных DS
 0005  B8 ---- R		     M1:       MOV  AX,DSEG
 0008  8E D8			               MOV  DS,AX
				
				     ; вывод текста "НАЧАЛО РАБОТЫ"
 000A  B4 09			     M2:       MOV  AH,9
 000C  BA 001D R		               MOV  DX,OFFSET MSG0
 000F  CD 21			               INT  21H
				
				     ; вывод стоки "СИМВОЛ 'A' имеет код 65"
 0011  A0 0000 R		     MA:       MOV  AL,CA
 0014  A2 000B R		               MOV  C$,AL
 0017  A1 0001 R		                  MOV  AX,WORD PTR KA
 001A  A3 0018 R		                  MOV  WORD PTR KCH1,AX
 001D  B4 09			               MOV  AH,9
 001F  BA 0003 R		               MOV DX,OFFSET TXT
 0022  CD 21			               INT  21H
				
				     ; вывод стоки "СИМВОЛ 'B' имеет код 66"
 0024  FE 06 000B R		     MB:       INC  C$
 0028  FE 06 0019 R		               INC  KCH1+1
 002C  CD 21			               INT  21H
				
				     ; вывод стоки "СИМВОЛ 'C' имеет код 67"
 002E  FE 06 000B R		     MC:       INC  C$
 0032  FE 06 0019 R		               INC  KCH1+1
 0036  CD 21			               INT  21H
				
				     ; вывод текста "КОНЕЦ  РАБОТЫ"
 0038  B4 09			     M3:       MOV  AH,9
 003A  BA 002D R		               MOV  DX,OFFSET MSG1
 003D  CD 21			               INT  21H
				
				     ; возвратить управление MS DOS (отладчику)
 003F  CB			               RET
 0040				     BEGIN     ENDP
				
 0040				     CSEG      ENDS
				               END  BEGIN
Microsoft (R) Macro Assembler Version 5.10                  2/18/16 11:34:29
МЗЯ МОДУЛЬ 1 КОНТРОЛЬНАЯ РАБОТА 1                           Symbols-1


Segments and Groups:

                N a m e         	Length	 Align	Combine Class

CSEG . . . . . . . . . . . . . .  	0040	PARA	PUBLIC	'CODE'
DSEG . . . . . . . . . . . . . .  	003D	PARA	PUBLIC	'DATA'
SSTACK . . . . . . . . . . . . .  	0200	PARA	STACK	'STACK'

Symbols:            

                N a m e         	Type	 Value	 Attr

BEGIN  . . . . . . . . . . . . .  	F PROC	0000	CSEG	Length = 0040

C$ . . . . . . . . . . . . . . .  	L BYTE	000B	DSEG
CA . . . . . . . . . . . . . . .  	L BYTE	0000	DSEG

KA . . . . . . . . . . . . . . .  	L BYTE	0001	DSEG
KCH1 . . . . . . . . . . . . . .  	L BYTE	0018	DSEG
KCH2 . . . . . . . . . . . . . .  	L BYTE	0019	DSEG

M1 . . . . . . . . . . . . . . .  	L NEAR	0005	CSEG
M2 . . . . . . . . . . . . . . .  	L NEAR	000A	CSEG
M3 . . . . . . . . . . . . . . .  	L NEAR	0038	CSEG
MA . . . . . . . . . . . . . . .  	L NEAR	0011	CSEG
MB . . . . . . . . . . . . . . .  	L NEAR	0024	CSEG
MC . . . . . . . . . . . . . . .  	L NEAR	002E	CSEG
MSG0 . . . . . . . . . . . . . .  	L BYTE	001D	DSEG
MSG1 . . . . . . . . . . . . . .  	L BYTE	002D	DSEG

TXT  . . . . . . . . . . . . . .  	L BYTE	0003	DSEG

@CPU . . . . . . . . . . . . . .  	TEXT  0101h		
@FILENAME  . . . . . . . . . . .  	TEXT  kr1		
@VERSION . . . . . . . . . . . .  	TEXT  510		


     70 Source  Lines
     70 Total   Lines
     30 Symbols

  46612 + 442329 Bytes symbol space free

      0 Warning Errors
      0 Severe  Errors
