Microsoft (R) Macro Assembler Version 5.10                  3/17/16 12:26:51
                                                             Page     1-1


 0000				SSEG SEGMENT PARA STACK 'STACK'
 0000  0040[			     DB 64 DUP('STACK+++')
	   53 54 41 43 4B	
	   2B 2B 2B		
			 ]	
				
 0200				SSEG ENDS
				
 0000				SD1  SEGMENT PARA PUBLIC 'DATA'
 0000  41			S1    DB   'A'
 0001  FFFD[			DB 0FFFDh DUP(0)
	   00			
			 ]	
				
 FFFE				SD1  ENDS
				
 0000				SD2  SEGMENT PARA PUBLIC 'DATA'
 0000  42			S2    DB   'B'
 0001  FFFD[			DB 0FFFDh DUP(0)
	   00			
			 ]	
				
 FFFE				SD2  ENDS
				
 0000				SD3  SEGMENT PARA PUBLIC 'DATA'
 0000  43			S3    DB   'C'
 0001  FFFD[			DB 0FFFDh DUP(0)
	   00			
			 ]	
				
 FFFE				SD3  ENDS
				
 0000				SC1  SEGMENT PARA PUBLIC 'CODE'
				     ASSUME CS:SC1,DS:SD1,SS:SSEG
 0000				P1   PROC FAR
 0000  1E				PUSH  DS
 0001  B8 0000				MOV  AX,0
 0004  50			    PUSH  AX
				
 0005  B8 ---- R		     MOV AX,SD1
 0008  8E D8			     MOV DS,AX
 000A  8A 1E 0000 R		     MOV BL,S1
 000E  B4 02			     MOV  AH,2
 0010  8B D3			     MOV  DX,BX
 0012  CD 21			     INT  21H
				     
 0014  B3 0D			     MOV BL,13
 0016  B4 02			     MOV  AH,2
 0018  8B D3			     MOV  DX,BX
 001A  CD 21			     INT  21H
				     
 001C  B3 0A			     MOV BL,10
 001E  B4 02			     MOV  AH,2
 0020  8B D3			     MOV  DX,BX
Microsoft (R) Macro Assembler Version 5.10                  3/17/16 12:26:51
                                                             Page     1-2


 0022  CD 21			     INT  21H
				     
				     
				     ASSUME DS:SD2
				     
				     
 0024  B8 ---- R		     MOV AX,SD2
 0027  8E D8			     MOV DS,AX
 0029  8A 1E 0000 R		     MOV BL,S2
 002D  B4 02			     MOV  AH,2
 002F  8B D3			     MOV  DX,BX
 0031  CD 21			     INT  21H
				     
 0033  B3 0D			     MOV BL,13
 0035  B4 02			     MOV  AH,2
 0037  8B D3			     MOV  DX,BX
 0039  CD 21			     INT  21H
				     
 003B  B3 0A			     MOV BL,10
 003D  B4 02			     MOV  AH,2
 003F  8B D3			     MOV  DX,BX
 0041  CD 21			     INT  21H
				     
				     
				     
				     
				     ASSUME DS:SD3
				     
				     
 0043  B8 ---- R		     MOV AX,SD3
 0046  8E D8			     MOV DS,AX
 0048  8A 1E 0000 R		     MOV BL,S3
 004C  B4 02			     MOV  AH,2
 004E  8B D3			     MOV  DX,BX
 0050  CD 21			     INT  21H
				     
 0052  B3 0D			     MOV BL,13
 0054  B4 02			     MOV  AH,2
 0056  8B D3			     MOV  DX,BX
 0058  CD 21			     INT  21H
				     
 005A  B3 0A			     MOV BL,10
 005C  B4 02			     MOV  AH,2
 005E  8B D3			     MOV  DX,BX
 0060  CD 21			     INT  21H
				     
				     
				     
				     
				     
				     
				     
 0062  CB			     RET
 0063				P1   ENDP
Microsoft (R) Macro Assembler Version 5.10                  3/17/16 12:26:51
                                                             Page     1-3


 0063				SC1  ENDS
				
				     END P1
Microsoft (R) Macro Assembler Version 5.10                  3/17/16 12:26:51
                                                             Symbols-1


Segments and Groups:

                N a m e         	Length	 Align	Combine Class

SC1  . . . . . . . . . . . . . .  	0063	PARA	PUBLIC	'CODE'
SD1  . . . . . . . . . . . . . .  	FFFE	PARA	PUBLIC	'DATA'
SD2  . . . . . . . . . . . . . .  	FFFE	PARA	PUBLIC	'DATA'
SD3  . . . . . . . . . . . . . .  	FFFE	PARA	PUBLIC	'DATA'
SSEG . . . . . . . . . . . . . .  	0200	PARA	STACK	'STACK'

Symbols:            

                N a m e         	Type	 Value	 Attr

P1 . . . . . . . . . . . . . . .  	F PROC	0000	SC1	Length = 0063

S1 . . . . . . . . . . . . . . .  	L BYTE	0000	SD1
S2 . . . . . . . . . . . . . . .  	L BYTE	0000	SD2
S3 . . . . . . . . . . . . . . .  	L BYTE	0000	SD3

@CPU . . . . . . . . . . . . . .  	TEXT  0101h		
@FILENAME  . . . . . . . . . . .  	TEXT  a		
@VERSION . . . . . . . . . . . .  	TEXT  510		


     98 Source  Lines
     98 Total   Lines
     21 Symbols

  46700 + 444288 Bytes symbol space free

      0 Warning Errors
      0 Severe  Errors
